<?xml version="1.0" encoding="UTF-8"?>
<!-- Generated by org.testng.reporters.JUnitReportReporter -->
<testsuite hostname="DESKTOP-LEKTSMN" failures="0" tests="1" name="week6.day2.ReadExcelData" time="2.281" errors="0" timestamp="2022-08-14T16:54:34 IST" skipped="0">
  <testcase classname="week6.day2.ReadExcelData" name="readData" time="2.281"/>
  <system-out/>
</testsuite> <!-- week6.day2.ReadExcelData -->
