<?xml version="1.0" encoding="UTF-8"?>
<!-- Generated by org.testng.reporters.JUnitReportReporter -->
<testsuite hostname="DESKTOP-LEKTSMN" failures="0" tests="2" name="runner.RunCucumberTest" time="21.707" errors="0" timestamp="2022-08-21T15:49:24 IST" skipped="0">
  <testcase classname="runner.RunCucumberTest" name="runScenario" time="9.411"/>
  <system-out/>
  <testcase classname="runner.RunCucumberTest" name="runScenario" time="12.296"/>
  <system-out/>
</testsuite> <!-- runner.RunCucumberTest -->
