<?xml version="1.0" encoding="UTF-8"?>
<!-- Generated by org.testng.reporters.JUnitReportReporter -->
<testsuite hostname="DESKTOP-LEKTSMN" failures="0" tests="2" name="week6.day1.CreateLead" time="11.712" errors="2" timestamp="2022-08-13T18:22:46 IST" skipped="0">
  <testcase classname="week6.day1.CreateLead" name="createNewLead" time="4.588">
    <error message="Method week6.day1.CreateLead.createNewLead() didn&#039;t finish within the time-out 1000" type="org.testng.internal.thread.ThreadTimeoutException">
      <![CDATA[org.testng.internal.thread.ThreadTimeoutException: Method week6.day1.CreateLead.createNewLead() didn't finish within the time-out 1000
at java.base@16.0.1/jdk.internal.misc.Unsafe.park(Native Method)
at java.base@16.0.1/java.util.concurrent.locks.LockSupport.parkNanos(LockSupport.java:252)
at java.base@16.0.1/java.util.concurrent.CompletableFuture$Signaller.block(CompletableFuture.java:1862)
at java.base@16.0.1/java.util.concurrent.ForkJoinPool.managedBlock(ForkJoinPool.java:3137)
at java.base@16.0.1/java.util.concurrent.CompletableFuture.timedGet(CompletableFuture.java:1935)
at java.base@16.0.1/java.util.concurrent.CompletableFuture.get(CompletableFuture.java:2091)
at app//org.asynchttpclient.netty.NettyResponseFuture.get(NettyResponseFuture.java:206)
at app//org.openqa.selenium.remote.http.netty.NettyHttpHandler.makeCall(NettyHttpHandler.java:59)
at app//org.openqa.selenium.remote.http.netty.NettyHttpHandler$$Lambda$272/0x0000000100309978.execute(Unknown Source)
at app//org.openqa.selenium.remote.http.AddSeleniumUserAgent.lambda$apply$0(AddSeleniumUserAgent.java:42)
at app//org.openqa.selenium.remote.http.AddSeleniumUserAgent$$Lambda$474/0x0000000100350470.execute(Unknown Source)
at app//org.openqa.selenium.remote.http.Filter.lambda$andFinally$1(Filter.java:56)
at app//org.openqa.selenium.remote.http.Filter$$Lambda$273/0x0000000100309ba8.execute(Unknown Source)
at app//org.openqa.selenium.remote.http.netty.NettyHttpHandler.execute(NettyHttpHandler.java:49)
at app//org.openqa.selenium.remote.http.AddSeleniumUserAgent.lambda$apply$0(AddSeleniumUserAgent.java:42)
at app//org.openqa.selenium.remote.http.AddSeleniumUserAgent$$Lambda$474/0x0000000100350470.execute(Unknown Source)
at app//org.openqa.selenium.remote.http.Filter.lambda$andFinally$1(Filter.java:56)
at app//org.openqa.selenium.remote.http.Filter$$Lambda$273/0x0000000100309ba8.execute(Unknown Source)
at app//org.openqa.selenium.remote.http.netty.NettyClient.execute(NettyClient.java:98)
at app//org.openqa.selenium.remote.HttpCommandExecutor.execute(HttpCommandExecutor.java:181)
at app//org.openqa.selenium.remote.service.DriverCommandExecutor.invokeExecute(DriverCommandExecutor.java:167)
at app//org.openqa.selenium.remote.service.DriverCommandExecutor.execute(DriverCommandExecutor.java:142)
at app//org.openqa.selenium.remote.RemoteWebDriver.execute(RemoteWebDriver.java:569)
at app//org.openqa.selenium.remote.RemoteWebElement.execute(RemoteWebElement.java:257)
at app//org.openqa.selenium.remote.RemoteWebElement.click(RemoteWebElement.java:78)
at app//week6.day1.CreateLead.createNewLead(CreateLead.java:19)
at java.base@16.0.1/jdk.internal.reflect.NativeMethodAccessorImpl.invoke0(Native Method)
at java.base@16.0.1/jdk.internal.reflect.NativeMethodAccessorImpl.invoke(NativeMethodAccessorImpl.java:78)
at java.base@16.0.1/jdk.internal.reflect.DelegatingMethodAccessorImpl.invoke(DelegatingMethodAccessorImpl.java:43)
at java.base@16.0.1/java.lang.reflect.Method.invoke(Method.java:567)
at app//org.testng.internal.invokers.MethodInvocationHelper.invokeMethod(MethodInvocationHelper.java:139)
at app//org.testng.internal.invokers.InvokeMethodRunnable.runOne(InvokeMethodRunnable.java:47)
at app//org.testng.internal.invokers.InvokeMethodRunnable.call(InvokeMethodRunnable.java:76)
at app//org.testng.internal.invokers.InvokeMethodRunnable.call(InvokeMethodRunnable.java:11)
at java.base@16.0.1/java.util.concurrent.FutureTask.run(FutureTask.java:264)
at java.base@16.0.1/java.util.concurrent.ThreadPoolExecutor.runWorker(ThreadPoolExecutor.java:1130)
at java.base@16.0.1/java.util.concurrent.ThreadPoolExecutor$Worker.run(ThreadPoolExecutor.java:630)
at java.base@16.0.1/java.lang.Thread.run(Thread.java:831)
]]>
    </error>
  </testcase> <!-- createNewLead -->
  <system-out/>
  <testcase classname="week6.day1.CreateLead" name="createNewLead" time="7.124">
    <error message="Method week6.day1.CreateLead.createNewLead() didn&#039;t finish within the time-out 1000" type="org.testng.internal.thread.ThreadTimeoutException">
      <![CDATA[org.testng.internal.thread.ThreadTimeoutException: Method week6.day1.CreateLead.createNewLead() didn't finish within the time-out 1000
at java.base@16.0.1/jdk.internal.misc.Unsafe.park(Native Method)
at java.base@16.0.1/java.util.concurrent.locks.LockSupport.parkNanos(LockSupport.java:252)
at java.base@16.0.1/java.util.concurrent.CompletableFuture$Signaller.block(CompletableFuture.java:1862)
at java.base@16.0.1/java.util.concurrent.ForkJoinPool.managedBlock(ForkJoinPool.java:3137)
at java.base@16.0.1/java.util.concurrent.CompletableFuture.timedGet(CompletableFuture.java:1935)
at java.base@16.0.1/java.util.concurrent.CompletableFuture.get(CompletableFuture.java:2091)
at app//org.asynchttpclient.netty.NettyResponseFuture.get(NettyResponseFuture.java:206)
at app//org.openqa.selenium.remote.http.netty.NettyHttpHandler.makeCall(NettyHttpHandler.java:59)
at app//org.openqa.selenium.remote.http.netty.NettyHttpHandler$$Lambda$272/0x0000000100309978.execute(Unknown Source)
at app//org.openqa.selenium.remote.http.AddSeleniumUserAgent.lambda$apply$0(AddSeleniumUserAgent.java:42)
at app//org.openqa.selenium.remote.http.AddSeleniumUserAgent$$Lambda$474/0x0000000100350470.execute(Unknown Source)
at app//org.openqa.selenium.remote.http.Filter.lambda$andFinally$1(Filter.java:56)
at app//org.openqa.selenium.remote.http.Filter$$Lambda$273/0x0000000100309ba8.execute(Unknown Source)
at app//org.openqa.selenium.remote.http.netty.NettyHttpHandler.execute(NettyHttpHandler.java:49)
at app//org.openqa.selenium.remote.http.AddSeleniumUserAgent.lambda$apply$0(AddSeleniumUserAgent.java:42)
at app//org.openqa.selenium.remote.http.AddSeleniumUserAgent$$Lambda$474/0x0000000100350470.execute(Unknown Source)
at app//org.openqa.selenium.remote.http.Filter.lambda$andFinally$1(Filter.java:56)
at app//org.openqa.selenium.remote.http.Filter$$Lambda$273/0x0000000100309ba8.execute(Unknown Source)
at app//org.openqa.selenium.remote.http.netty.NettyClient.execute(NettyClient.java:98)
at app//org.openqa.selenium.remote.HttpCommandExecutor.execute(HttpCommandExecutor.java:181)
at app//org.openqa.selenium.remote.service.DriverCommandExecutor.invokeExecute(DriverCommandExecutor.java:167)
at app//org.openqa.selenium.remote.service.DriverCommandExecutor.execute(DriverCommandExecutor.java:142)
at app//org.openqa.selenium.remote.RemoteWebDriver.execute(RemoteWebDriver.java:569)
at app//org.openqa.selenium.remote.RemoteWebElement.execute(RemoteWebElement.java:257)
at app//org.openqa.selenium.remote.RemoteWebElement.click(RemoteWebElement.java:78)
at app//week6.day1.CreateLead.createNewLead(CreateLead.java:19)
at java.base@16.0.1/jdk.internal.reflect.NativeMethodAccessorImpl.invoke0(Native Method)
at java.base@16.0.1/jdk.internal.reflect.NativeMethodAccessorImpl.invoke(NativeMethodAccessorImpl.java:78)
at java.base@16.0.1/jdk.internal.reflect.DelegatingMethodAccessorImpl.invoke(DelegatingMethodAccessorImpl.java:43)
at java.base@16.0.1/java.lang.reflect.Method.invoke(Method.java:567)
at app//org.testng.internal.invokers.MethodInvocationHelper.invokeMethod(MethodInvocationHelper.java:139)
at app//org.testng.internal.invokers.InvokeMethodRunnable.runOne(InvokeMethodRunnable.java:47)
at app//org.testng.internal.invokers.InvokeMethodRunnable.call(InvokeMethodRunnable.java:76)
at app//org.testng.internal.invokers.InvokeMethodRunnable.call(InvokeMethodRunnable.java:11)
at java.base@16.0.1/java.util.concurrent.FutureTask.run(FutureTask.java:264)
at java.base@16.0.1/java.util.concurrent.ThreadPoolExecutor.runWorker(ThreadPoolExecutor.java:1130)
at java.base@16.0.1/java.util.concurrent.ThreadPoolExecutor$Worker.run(ThreadPoolExecutor.java:630)
at java.base@16.0.1/java.lang.Thread.run(Thread.java:831)
]]>
    </error>
  </testcase> <!-- createNewLead -->
  <system-out/>
</testsuite> <!-- week6.day1.CreateLead -->
