<?xml version="1.0" encoding="UTF-8"?>
<!-- Generated by org.testng.reporters.JUnitReportReporter -->
<testsuite hostname="DESKTOP-LEKTSMN" failures="0" tests="2" name="week6.day2.CreateLead" time="37.177" errors="0" timestamp="2022-08-14T18:20:53 IST" skipped="0">
  <testcase classname="week6.day2.CreateLead" name="createNewLead" time="14.192"/>
  <system-out/>
  <testcase classname="week6.day2.CreateLead" name="createNewLead" time="22.985"/>
  <system-out/>
</testsuite> <!-- week6.day2.CreateLead -->
