<?xml version="1.0" encoding="UTF-8"?>
<!-- Generated by org.testng.reporters.JUnitReportReporter -->
<testsuite hostname="DESKTOP-LEKTSMN" failures="0" tests="1" name="week6.day1.DuplicateLead" time="22.257" errors="0" timestamp="2022-08-13T18:22:46 IST" skipped="0">
  <testcase classname="week6.day1.DuplicateLead" name="findDuplicateLead" time="22.257"/>
  <system-out/>
</testsuite> <!-- week6.day1.DuplicateLead -->
