<?xml version="1.0" encoding="UTF-8"?>
<!-- Generated by org.testng.reporters.JUnitReportReporter -->
<testsuite hostname="DESKTOP-LEKTSMN" failures="0" tests="2" name="runner.RunCucumberTest" time="15.835" errors="0" timestamp="2022-08-20T18:12:57 IST" skipped="0">
  <testcase classname="runner.RunCucumberTest" name="runScenario" time="9.300"/>
  <system-out/>
  <testcase classname="runner.RunCucumberTest" name="runScenario" time="6.535"/>
  <system-out/>
</testsuite> <!-- runner.RunCucumberTest -->
