<?xml version="1.0" encoding="UTF-8"?>
<!-- Generated by org.testng.reporters.JUnitReportReporter -->
<testsuite hostname="DESKTOP-LEKTSMN" failures="0" tests="1" name="week7.testcases.Login" time="5.043" errors="0" timestamp="2022-08-28T17:28:11 IST" skipped="0">
  <testcase classname="week7.testcases.Login" name="runLogin" time="5.043"/>
  <system-out/>
</testsuite> <!-- week7.testcases.Login -->
